1615911818337	geckodriver	INFO	Listening on 127.0.0.1:62634
1615911821394	mozrunner::runner	INFO	Running command: "C:\\Program Files\\Mozilla Firefox\\firefox.exe" "--marionette" "-foreground" "-no-remote" "-profile" "C:\\Users\\User\\AppData\\Local\\Temp\\rust_mozprofileIcobXZ"
console.warn: SearchSettings: "get: No settings file exists, new profile?" (new Error("", "(unknown module)"))
1615911824103	Marionette	INFO	Listening on port 62644
1615911824558	Marionette	WARN	TLS certificate errors will be ignored for this session
JavaScript error: resource://gre/actors/AutoCompleteChild.jsm, line 125: Error: Invalid autocomplete selectedIndex
1615911825374	Marionette	INFO	Stopped listening on port 62644
1615911846195	geckodriver	INFO	Listening on 127.0.0.1:62730
1615911849257	mozrunner::runner	INFO	Running command: "C:\\Program Files\\Mozilla Firefox\\firefox.exe" "--marionette" "-foreground" "-no-remote" "-profile" "C:\\Users\\User\\AppData\\Local\\Temp\\rust_mozprofileZFWDXV"
console.warn: SearchSettings: "get: No settings file exists, new profile?" (new Error("", "(unknown module)"))
1615911851605	Marionette	INFO	Listening on port 62738
1615911851924	Marionette	WARN	TLS certificate errors will be ignored for this session
JavaScript error: resource://gre/actors/AutoCompleteChild.jsm, line 125: Error: Invalid autocomplete selectedIndex
1615911864342	Marionette	INFO	Stopped listening on port 62738

###!!! [Child][RunMessage] Error: Channel closing: too late to send/recv, messages will be lost

1615920271800	geckodriver	INFO	Listening on 127.0.0.1:52890
1615920274843	mozrunner::runner	INFO	Running command: "C:\\Program Files\\Mozilla Firefox\\firefox.exe" "--marionette" "-foreground" "-no-remote" "-profile" "C:\\Users\\User\\AppData\\Local\\Temp\\rust_mozprofilecl40sy"
console.warn: SearchSettings: "get: No settings file exists, new profile?" (new Error("", "(unknown module)"))
1615920277670	Marionette	INFO	Listening on port 52901
1615920278018	Marionette	WARN	TLS certificate errors will be ignored for this session
[Parent 28340, IPC I/O Parent] WARNING: file /builds/worker/checkouts/gecko/ipc/chromium/src/base/process_util_win.cc:167
1615921368033	Marionette	INFO	Stopped listening on port 52901

###!!! [Child][RunMessage] Error: Channel closing: too late to send/recv, messages will be lost

.warn: SearchSettings: "get: No settings file exists, new profile?" (new Error("", "(unknown module)"))
1615920312294	Marionette	INFO	Listening on port 53127
1615920312335	Marionette	WARN	TLS certificate errors will be ignored for this session
JavaScript error: , line 0: NotFoundError: No such JSWindowActor 'MarionetteEvents'
JavaScript error: , line 0: NotFoundError: No such JSWindowActor 'MarionetteEvents'
1615921167074	Marionette	INFO	Stopped listening on port 53127

###!!! [Child][RunMessage] Error: Channel closing: too late to send/recv, messages will be lost

"--marionette" "-foreground" "-no-remote" "-profile" "C:\\Users\\User\\AppData\\Local\\Temp\\rust_mozprofileSiE0Lt"
console.warn: SearchSettings: "get: No settings file exists, new profile?" (new Error("", "(unknown module)"))
1615920339593	Marionette	INFO	Listening on port 53433
1615920340087	Marionette	WARN	TLS certificate errors will be ignored for this session
1615921163703	Marionette	INFO	Stopped listening on port 53433

###!!! [Child][RunMessage] Error: Channel closing: too late to send/recv, messages will be lost

"--marionette" "-foreground" "-no-remote" "-profile" "C:\\Users\\User\\AppData\\Local\\Temp\\rust_mozprofilemkRm4i"
console.warn: SearchSettings: "get: No settings file exists, new profile?" (new Error("", "(unknown module)"))
1615920494009	Marionette	INFO	Listening on port 54438
1615920494397	Marionette	WARN	TLS certificate errors will be ignored for this session
JavaScript error: , line 0: NotFoundError: No such JSWindowActor 'MarionetteEvents'
JavaScript error: , line 0: NotFoundError: No such JSWindowActor 'MarionetteEvents'
1615921155196	Marionette	INFO	Stopped listening on port 54438

###!!! [Child][RunMessage] Error: Channel closing: too late to send/recv, messages will be lost

"--marionette" "-foreground" "-no-remote" "-profile" "C:\\Users\\User\\AppData\\Local\\Temp\\rust_mozprofilevZVcEa"
console.warn: SearchSettings: "get: No settings file exists, new profile?" (new Error("", "(unknown module)"))
1615920539055	Marionette	INFO	Listening on port 54700
1615920539166	Marionette	WARN	TLS certificate errors will be ignored for this session
1615920547095	Marionette	INFO	Stopped listening on port 54700

###!!! [Child][RunMessage] Error: Channel closing: too late to send/recv, messages will be lost

1615920866177	geckodriver	INFO	Listening on 127.0.0.1:55704
1615920869234	mozrunner::runner	INFO	Running command: "C:\\Program Files\\Mozilla Firefox\\firefox.exe" "--marionette" "-foreground" "-no-remote" "-profile" "C:\\Users\\User\\AppData\\Local\\Temp\\rust_mozprofileOXMj6J"
console.warn: SearchSettings: "get: No settings file exists, new profile?" (new Error("", "(unknown module)"))
1615920872537	Marionette	INFO	Listening on port 55714
1615920872936	Marionette	WARN	TLS certificate errors will be ignored for this session
1615920952484	Marionette	INFO	Stopped listening on port 55714
5920941478	mozrunner::runner	INFO	Running command: "C:\\Program Files\\Mozilla Firefox\\firefox.exe" "--marionette" "-foreground" "-no-remote" "-profile" "C:\\Users\\User\\AppData\\Local\\Temp\\rust_mozprofileYnBIr8"
console.warn: SearchSettings: "get: No settings file exists, new profile?" (new Error("", "(unknown module)"))
1615920944911	Marionette	INFO	Listening on port 56135
1615920945165	Marionette	WARN	TLS certificate errors will be ignored for this session
JavaScript error: , line 0: NotFoundError: No such JSWindowActor 'MarionetteEvents'
JavaScript error: , line 0: NotFoundError: No such JSWindowActor 'MarionetteEvents'
1615921164613	Marionette	INFO	Stopped listening on port 56135

###!!! [Child][RunMessage] Error: Channel closing: too late to send/recv, messages will be lost

"--marionette" "-foreground" "-no-remote" "-profile" "C:\\Users\\User\\AppData\\Local\\Temp\\rust_mozprofileIlKb0V"
console.warn: SearchSettings: "get: No settings file exists, new profile?" (new Error("", "(unknown module)"))
1615921046726	Marionette	INFO	Listening on port 56622
1615921046929	Marionette	WARN	TLS certificate errors will be ignored for this session
JavaScript error: https://s0.2mdn.net/ads/richmedia/studio/pv2/61724840/20210311192831092/index.js, line 354: ReferenceError: next is not defined
1615921144057	Marionette	INFO	Stopped listening on port 56622

###!!! [Child][RunMessage] Error: Channel closing: too late to send/recv, messages will be lost

"--marionette" "-foreground" "-no-remote" "-profile" "C:\\Users\\User\\AppData\\Local\\Temp\\rust_mozprofileXa13ch"
console.warn: SearchSettings: "get: No settings file exists, new profile?" (new Error("", "(unknown module)"))
1615921141971	Marionette	INFO	Listening on port 57206
1615921142240	Marionette	WARN	TLS certificate errors will be ignored for this session
1615921362624	geckodriver	INFO	Listening on 127.0.0.1:57693
1615921365676	mozrunner::runner	INFO	Running command: "C:\\Program Files\\Mozilla Firefox\\firefox.exe" "--marionette" "-foreground" "-no-remote" "-profile" "C:\\Users\\User\\AppData\\Local\\Temp\\rust_mozprofilezZd5h3"
console.warn: SearchSettings: "get: No settings file exists, new profile?" (new Error("", "(unknown module)"))
1615921368882	Marionette	INFO	Listening on port 57704
1615921369360	Marionette	WARN	TLS certificate errors will be ignored for this session
[Parent 36076, IPC I/O Parent] WARNING: file /builds/worker/checkouts/gecko/ipc/chromium/src/base/process_util_win.cc:167
1615925708263	Marionette	INFO	Stopped listening on port 57704

###!!! [Child][RunMessage] Error: Channel closing: too late to send/recv, messages will be lost

.warn: SearchSettings: "get: No settings file exists, new profile?" (new Error("", "(unknown module)"))
1615921427907	Marionette	INFO	Listening on port 57941
1615921428011	Marionette	WARN	TLS certificate errors will be ignored for this session
1615925707047	Marionette	INFO	Stopped listening on port 57941

###!!! [Child][RunMessage] Error: Channel closing: too late to send/recv, messages will be lost

"--marionette" "-foreground" "-no-remote" "-profile" "C:\\Users\\User\\AppData\\Local\\Temp\\rust_mozprofileiEcyMN"
console.warn: SearchSettings: "get: No settings file exists, new profile?" (new Error("", "(unknown module)"))
1615921537893	Marionette	INFO	Listening on port 58510
1615921537992	Marionette	WARN	TLS certificate errors will be ignored for this session
1615925705820	Marionette	INFO	Stopped listening on port 58510

###!!! [Child][RunMessage] Error: Channel closing: too late to send/recv, messages will be lost

"--marionette" "-foreground" "-no-remote" "-profile" "C:\\Users\\User\\AppData\\Local\\Temp\\rust_mozprofileKZ4I6y"
console.warn: SearchSettings: "get: No settings file exists, new profile?" (new Error("", "(unknown module)"))
1615921635375	Marionette	INFO	Listening on port 58972
1615921635483	Marionette	WARN	TLS certificate errors will be ignored for this session
JavaScript error: https://s0.2mdn.net/ads/richmedia/studio/pv2/61724840/20210311192831092/index.js, line 354: ReferenceError: next is not defined
1615925703282	Marionette	INFO	Stopped listening on port 58972

###!!! [Child][RunMessage] Error: Channel closing: too late to send/recv, messages will be lost

get: No settings file exists, new profile?" (new Error("", "(unknown module)"))
1615921716360	Marionette	INFO	Listening on port 59428
1615921716773	Marionette	WARN	TLS certificate errors will be ignored for this session
1615925701197	Marionette	INFO	Stopped listening on port 59428

###!!! [Child][RunMessage] Error: Channel closing: too late to send/recv, messages will be lost

"--marionette" "-foreground" "-no-remote" "-profile" "C:\\Users\\User\\AppData\\Local\\Temp\\rust_mozprofileiInFY1"
console.warn: SearchSettings: "get: No settings file exists, new profile?" (new Error("", "(unknown module)"))
1615921754193	Marionette	INFO	Listening on port 59829
1615921754321	Marionette	WARN	TLS certificate errors will be ignored for this session

###!!! [Child][MessageChannel] Error: (msgtype=0x5B0004,name=PHttpChannel::Msg_Cancel) Channel closing: too late to send/recv, messages will be lost


###!!! [Child][MessageChannel] Error: (msgtype=0x5B0009,name=PHttpChannel::Msg_DeletingChannel) Channel closing: too late to send/recv, messages will be lost


###!!! [Child][RunMessage] Error: Channel closing: too late to send/recv, messages will be lost

1615925700111	Marionette	INFO	Stopped listening on port 59829

###!!! [Child][RunMessage] Error: Channel closing: too late to send/recv, messages will be lost

on port 60375

###!!! [Child][RunMessage] Error: Channel closing: too late to send/recv, messages will be lost

"--marionette" "-foreground" "-no-remote" "-profile" "C:\\Users\\User\\AppData\\Local\\Temp\\rust_mozprofileUjiXds"
console.warn: SearchSettings: "get: No settings file exists, new profile?" (new Error("", "(unknown module)"))
1615921899519	Marionette	INFO	Listening on port 60626
1615921899730	Marionette	WARN	TLS certificate errors will be ignored for this session
JavaScript error: , line 0: NotFoundError: No such JSWindowActor 'MarionetteEvents'
JavaScript error: , line 0: NotFoundError: No such JSWindowActor 'MarionetteEvents'
1615925697785	Marionette	INFO	Stopped listening on port 60626

###!!! [Child][RunMessage] Error: Channel closing: too late to send/recv, messages will be lost

"--marionette" "-foreground" "-no-remote" "-profile" "C:\\Users\\User\\AppData\\Local\\Temp\\rust_mozprofilee6NEZJ"
console.warn: SearchSettings: "get: No settings file exists, new profile?" (new Error("", "(unknown module)"))
1615921976606	Marionette	INFO	Listening on port 61041
1615921976832	Marionette	WARN	TLS certificate errors will be ignored for this session
console.error: "Error while calling actor 'layout's method 'getGrids'" "node is null"
console.error: "getGrids@resource://devtools/server/actors/layout.js:502:26\ngetGrids@resource://devtools/server/actors/layout.js:507:43\nhandler@resource://devtools/shared/protocol/Actor.js:172:37\nonPacket@resource://devtools/server/devtools-server-connection.js:379:58\nreceiveMessage@resource://devtools/shared/transport/child-transport.js:68:16\n"
JavaScript error: resource://devtools/server/actors/targets/browsing-context.js, line 1885: TypeError: can't access dead object
JavaScript error: resource://devtools/server/actors/targets/browsing-context.js, line 1885: TypeError: can't access dead object
JavaScript error: resource://devtools/server/actors/targets/browsing-context.js, line 1885: TypeError: can't access dead object
JavaScript error: resource://devtools/server/actors/targets/browsing-context.js, line 1885: TypeError: can't access dead object
JavaScript error: resource://devtools/server/actors/targets/browsing-context.js, line 1885: TypeError: can't access dead object
JavaScript error: resource://devtools/server/actors/targets/browsing-context.js, line 1885: TypeError: can't access dead object
JavaScript error: resource://devtools/server/actors/targets/browsing-context.js, line 1885: TypeError: can't access dead object
JavaScript error: resource://devtools/server/actors/targets/browsing-context.js, line 1885: TypeError: can't access dead object
JavaScript error: resource://devtools/server/actors/targets/browsing-context.js, line 1885: TypeError: can't access dead object
JavaScript error: resource://devtools/server/actors/targets/browsing-context.js, line 1885: TypeError: can't access dead object
JavaScript error: resource://devtools/server/actors/targets/browsing-context.js, line 1885: TypeError: can't access dead object
JavaScript error: resource://devtools/server/actors/targets/browsing-context.js, line 1885: TypeError: can't access dead object
JavaScript error: resource://devtools/server/actors/targets/browsing-context.js, line 1885: TypeError: can't access dead object
JavaScript error: resource://devtools/server/actors/targets/browsing-context.js, line 1885: TypeError: can't access dead object
JavaScript error: resource://devtools/server/actors/targets/browsing-context.js, line 1885: TypeError: can't access dead object
JavaScript error: resource://devtools/server/actors/targets/browsing-context.js, line 1885: TypeError: can't access dead object
JavaScript error: resource://devtools/server/actors/targets/browsing-context.js, line 1885: TypeError: can't access dead object
JavaScript error: resource://devtools/server/actors/targets/browsing-context.js, line 1885: TypeError: can't access dead object
JavaScript error: resource://devtools/server/actors/targets/browsing-context.js, line 1885: TypeError: can't access dead object
JavaScript error: resource://devtools/server/actors/targets/browsing-context.js, line 1885: TypeError: can't access dead object
JavaScript error: resource://devtools/server/actors/targets/browsing-context.js, line 1885: TypeError: can't access dead object
JavaScript error: resource://devtools/server/actors/targets/browsing-context.js, line 1885: TypeError: can't access dead object
JavaScript error: resource://devtools/server/actors/targets/browsing-context.js, line 1885: TypeError: can't access dead object
JavaScript error: resource://devtools/server/actors/targets/browsing-context.js, line 1885: TypeError: can't access dead object
JavaScript error: resource://devtools/server/actors/targets/browsing-context.js, line 1885: TypeError: can't access dead object
JavaScript error: resource://devtools/server/actors/targets/browsing-context.js, line 1885: TypeError: can't access dead object
JavaScript error: resource://devtools/server/actors/targets/browsing-context.js, line 1885: TypeError: can't access dead object
JavaScript error: resource://devtools/server/actors/targets/browsing-context.js, line 1885: TypeError: can't access dead object
JavaScript error: resource://devtools/server/actors/targets/browsing-context.js, line 1885: TypeError: can't access dead object
JavaScript error: resource://devtools/server/actors/targets/browsing-context.js, line 1885: TypeError: can't access dead object
JavaScript error: resource://devtools/server/actors/targets/browsing-context.js, line 1885: TypeError: can't access dead object
JavaScript error: resource://devtools/server/actors/targets/browsing-context.js, line 1885: TypeError: can't access dead object
JavaScript error: resource://devtools/server/actors/targets/browsing-context.js, line 1885: TypeError: can't access dead object
JavaScript error: resource://devtools/server/actors/targets/browsing-context.js, line 1885: TypeError: can't access dead object
JavaScript error: resource://devtools/server/actors/targets/browsing-context.js, line 1885: TypeError: can't access dead object
JavaScript error: resource://devtools/server/actors/targets/browsing-context.js, line 1885: TypeError: can't access dead object
JavaScript error: resource://devtools/server/actors/targets/browsing-context.js, line 1885: TypeError: can't access dead object
JavaScript error: resource://devtools/server/actors/targets/browsing-context.js, line 1885: TypeError: can't access dead object
JavaScript error: resource://devtools/server/actors/targets/browsing-context.js, line 1885: TypeError: can't access dead object
JavaScript error: resource://devtools/server/actors/targets/browsing-context.js, line 1885: TypeError: can't access dead object
console.error: "Error while calling actor 'layout's method 'getGrids'" "node is null"
console.error: "getGrids@resource://devtools/server/actors/layout.js:502:26\ngetGrids@resource://devtools/server/actors/layout.js:507:43\ngetGrids@resource://devtools/server/actors/layout.js:507:43\nhandler@resource://devtools/shared/protocol/Actor.js:172:37\nonPacket@resource://devtools/server/devtools-server-connection.js:379:58\nreceiveMessage@resource://devtools/shared/transport/child-transport.js:68:16\n"
JavaScript error: resource://devtools/server/actors/targets/browsing-context.js, line 1885: TypeError: can't access dead object
JavaScript error: resource://devtools/server/actors/targets/browsing-context.js, line 1885: TypeError: can't access dead object
JavaScript error: resource://devtools/server/actors/targets/browsing-context.js, line 1885: TypeError: can't access dead object
JavaScript error: resource://devtools/server/actors/targets/browsing-context.js, line 1885: TypeError: can't access dead object
JavaScript error: resource://devtools/server/actors/targets/browsing-context.js, line 1885: TypeError: can't access dead object
JavaScript error: resource://devtools/server/actors/targets/browsing-context.js, line 1885: TypeError: can't access dead object
JavaScript error: resource://devtools/server/actors/targets/browsing-context.js, line 1885: TypeError: can't access dead object
JavaScript error: resource://devtools/server/actors/targets/browsing-context.js, line 1885: TypeError: can't access dead object
JavaScript error: resource://devtools/server/actors/targets/browsing-context.js, line 1885: TypeError: can't access dead object
JavaScript error: resource://devtools/server/actors/targets/browsing-context.js, line 1885: TypeError: can't access dead object
JavaScript error: resource://devtools/server/actors/targets/browsing-context.js, line 1885: TypeError: can't access dead object
JavaScript error: resource://devtools/server/actors/targets/browsing-context.js, line 1885: TypeError: can't access dead object
JavaScript error: resource://devtools/server/actors/targets/browsing-context.js, line 1885: TypeError: can't access dead object
JavaScript error: resource://devtools/server/actors/targets/browsing-context.js, line 1885: TypeError: can't access dead object
JavaScript error: resource://devtools/server/actors/targets/browsing-context.js, line 1885: TypeError: can't access dead object
JavaScript error: resource://devtools/server/actors/targets/browsing-context.js, line 1885: TypeError: can't access dead object
JavaScript error: resource://devtools/server/actors/targets/browsing-context.js, line 1885: TypeError: can't access dead object
JavaScript error: resource://devtools/server/actors/targets/browsing-context.js, line 1885: TypeError: can't access dead object
JavaScript error: resource://devtools/server/actors/targets/browsing-context.js, line 1885: TypeError: can't access dead object
JavaScript error: resource://devtools/server/actors/targets/browsing-context.js, line 1885: TypeError: can't access dead object
JavaScript error: resource://devtools/server/actors/targets/browsing-context.js, line 1885: TypeError: can't access dead object
JavaScript error: resource://devtools/server/actors/targets/browsing-context.js, line 1885: TypeError: can't access dead object
JavaScript error: resource://devtools/server/actors/targets/browsing-context.js, line 1885: TypeError: can't access dead object
JavaScript error: resource://devtools/server/actors/targets/browsing-context.js, line 1885: TypeError: can't access dead object
JavaScript error: resource://devtools/server/actors/targets/browsing-context.js, line 1885: TypeError: can't access dead object
JavaScript error: resource://devtools/server/actors/targets/browsing-context.js, line 1885: TypeError: can't access dead object
JavaScript error: resource://devtools/server/actors/targets/browsing-context.js, line 1885: TypeError: can't access dead object
JavaScript error: resource://devtools/server/actors/targets/browsing-context.js, line 1885: TypeError: can't access dead object
JavaScript error: resource://devtools/server/actors/targets/browsing-context.js, line 1885: TypeError: can't access dead object
JavaScript error: resource://devtools/server/actors/targets/browsing-context.js, line 1885: TypeError: can't access dead object
JavaScript error: resource://devtools/server/actors/targets/browsing-context.js, line 1885: TypeError: can't access dead object
JavaScript error: resource://devtools/server/actors/targets/browsing-context.js, line 1885: TypeError: can't access dead object
JavaScript error: resource://devtools/server/actors/targets/browsing-context.js, line 1885: TypeError: can't access dead object
JavaScript error: resource://devtools/server/actors/targets/browsing-context.js, line 1885: TypeError: can't access dead object
JavaScript error: resource://devtools/server/actors/targets/browsing-context.js, line 1885: TypeError: can't access dead object
JavaScript error: resource://devtools/server/actors/targets/browsing-context.js, line 1885: TypeError: can't access dead object
JavaScript error: resource://devtools/server/actors/targets/browsing-context.js, line 1885: TypeError: can't access dead object
JavaScript error: resource://devtools/server/actors/targets/browsing-context.js, line 1885: TypeError: can't access dead object
JavaScript error: resource://devtools/server/actors/targets/browsing-context.js, line 1885: TypeError: can't access dead object
JavaScript error: resource://devtools/server/actors/targets/browsing-context.js, line 1885: TypeError: can't access dead object
JavaScript error: resource://devtools/server/actors/targets/browsing-context.js, line 1885: TypeError: can't access dead object
JavaScript error: resource://devtools/server/actors/targets/browsing-context.js, line 1885: TypeError: can't access dead object
JavaScript error: resource://devtools/server/actors/targets/browsing-context.js, line 1885: TypeError: can't access dead object
JavaScript error: resource://devtools/server/actors/targets/browsing-context.js, line 1885: TypeError: can't access dead object
JavaScript error: resource://devtools/server/actors/targets/browsing-context.js, line 1885: TypeError: can't access dead object
JavaScript error: resource://devtools/server/actors/targets/browsing-context.js, line 1885: TypeError: can't access dead object
JavaScript error: resource://devtools/server/actors/targets/browsing-context.js, line 1885: TypeError: can't access dead object
JavaScript error: resource://devtools/server/actors/targets/browsing-context.js, line 1885: TypeError: can't access dead object
JavaScript error: resource://devtools/server/actors/targets/browsing-context.js, line 1885: TypeError: can't access dead object
JavaScript error: resource://devtools/server/actors/targets/browsing-context.js, line 1885: TypeError: can't access dead object
JavaScript error: resource://devtools/server/actors/targets/browsing-context.js, line 1885: TypeError: can't access dead object
JavaScript error: resource://devtools/server/actors/targets/browsing-context.js, line 1885: TypeError: can't access dead object
JavaScript error: resource://devtools/server/actors/targets/browsing-context.js, line 1885: TypeError: can't access dead object
JavaScript error: resource://devtools/server/actors/targets/browsing-context.js, line 1885: TypeError: can't access dead object
JavaScript error: resource://devtools/server/actors/targets/browsing-context.js, line 1885: TypeError: can't access dead object
JavaScript error: resource://devtools/server/actors/targets/browsing-context.js, line 1885: TypeError: can't access dead object
JavaScript error: resource://devtools/server/actors/targets/browsing-context.js, line 1885: TypeError: can't access dead object
JavaScript error: resource://devtools/server/actors/targets/browsing-context.js, line 1885: TypeError: can't access dead object
JavaScript error: resource://devtools/server/actors/targets/browsing-context.js, line 1885: TypeError: can't access dead object
JavaScript error: resource://devtools/server/actors/targets/browsing-context.js, line 1885: TypeError: can't access dead object
JavaScript error: resource://devtools/server/actors/targets/browsing-context.js, line 1885: TypeError: can't access dead object
JavaScript error: resource://devtools/server/actors/targets/browsing-context.js, line 1885: TypeError: can't access dead object
JavaScript error: resource://devtools/server/actors/targets/browsing-context.js, line 1885: TypeError: can't access dead object
JavaScript error: resource://devtools/server/actors/targets/browsing-context.js, line 1885: TypeError: can't access dead object
JavaScript error: resource://devtools/server/actors/targets/browsing-context.js, line 1885: TypeError: can't access dead object
JavaScript error: resource://devtools/server/actors/targets/browsing-context.js, line 1885: TypeError: can't access dead object
JavaScript error: resource://devtools/server/actors/targets/browsing-context.js, line 1885: TypeError: can't access dead object
JavaScript error: resource://devtools/server/actors/targets/browsing-context.js, line 1885: TypeError: can't access dead object
JavaScript error: resource://devtools/server/actors/targets/browsing-context.js, line 1885: TypeError: can't access dead object
JavaScript error: resource://devtools/server/actors/targets/browsing-context.js, line 1885: TypeError: can't access dead object
JavaScript error: resource://devtools/server/actors/targets/browsing-context.js, line 1885: TypeError: can't access dead object
JavaScript error: resource://devtools/server/actors/targets/browsing-context.js, line 1885: TypeError: can't access dead object
console.error: "Error while calling actor 'layout's method 'getGrids'" "node is null"
console.error: "getGrids@resource://devtools/server/actors/layout.js:502:26\ngetGrids@resource://devtools/server/actors/layout.js:507:43\ngetGrids@resource://devtools/server/actors/layout.js:507:43\ngetGrids@resource://devtools/server/actors/layout.js:507:43\ngetGrids@resource://devtools/server/actors/layout.js:507:43\nhandler@resource://devtools/shared/protocol/Actor.js:172:37\nonPacket@resource://devtools/server/devtools-server-connection.js:379:58\nreceiveMessage@resource://devtools/shared/transport/child-transport.js:68:16\n"
JavaScript error: resource://devtools/server/actors/targets/browsing-context.js, line 1885: TypeError: can't access dead object
JavaScript error: resource://devtools/server/actors/targets/browsing-context.js, line 1885: TypeError: can't access dead object
JavaScript error: resource://devtools/server/actors/targets/browsing-context.js, line 1885: TypeError: can't access dead object
JavaScript error: resource://devtools/server/actors/targets/browsing-context.js, line 1885: TypeError: can't access dead object
JavaScript error: resource://devtools/server/actors/targets/browsing-context.js, line 1885: TypeError: can't access dead object
JavaScript error: resource://devtools/server/actors/targets/browsing-context.js, line 1885: TypeError: can't access dead object
JavaScript error: resource://devtools/server/actors/targets/browsing-context.js, line 1885: TypeError: can't access dead object
JavaScript error: resource://devtools/server/actors/targets/browsing-context.js, line 1885: TypeError: can't access dead object
JavaScript error: resource://devtools/server/actors/targets/browsing-context.js, line 1885: TypeError: can't access dead object
JavaScript error: resource://devtools/server/actors/targets/browsing-context.js, line 1885: TypeError: can't access dead object
JavaScript error: resource://devtools/server/actors/targets/browsing-context.js, line 1885: TypeError: can't access dead object
JavaScript error: resource://devtools/server/actors/targets/browsing-context.js, line 1885: TypeError: can't access dead object
JavaScript error: resource://devtools/server/actors/targets/browsing-context.js, line 1885: TypeError: can't access dead object
JavaScript error: resource://devtools/server/actors/targets/browsing-context.js, line 1885: TypeError: can't access dead object
JavaScript error: resource://devtools/server/actors/targets/browsing-context.js, line 1885: TypeError: can't access dead object
JavaScript error: resource://devtools/server/actors/targets/browsing-context.js, line 1885: TypeError: can't access dead object
JavaScript error: resource://devtools/server/actors/targets/browsing-context.js, line 1885: TypeError: can't access dead object
JavaScript error: resource://devtools/server/actors/targets/browsing-context.js, line 1885: TypeError: can't access dead object
JavaScript error: resource://devtools/server/actors/targets/browsing-context.js, line 1885: TypeError: can't access dead object
JavaScript error: resource://devtools/server/actors/targets/browsing-context.js, line 1885: TypeError: can't access dead object
JavaScript error: resource://devtools/server/actors/targets/browsing-context.js, line 1885: TypeError: can't access dead object
JavaScript error: resource://devtools/server/actors/targets/browsing-context.js, line 1885: TypeError: can't access dead object
JavaScript error: resource://devtools/server/actors/targets/browsing-context.js, line 1885: TypeError: can't access dead object
JavaScript error: resource://devtools/server/actors/targets/browsing-context.js, line 1885: TypeError: can't access dead object
JavaScript error: resource://devtools/server/actors/targets/browsing-context.js, line 1885: TypeError: can't access dead object
JavaScript error: resource://devtools/server/actors/targets/browsing-context.js, line 1885: TypeError: can't access dead object
JavaScript error: resource://devtools/server/actors/targets/browsing-context.js, line 1885: TypeError: can't access dead object
JavaScript error: resource://devtools/server/actors/targets/browsing-context.js, line 1885: TypeError: can't access dead object
JavaScript error: resource://devtools/server/actors/targets/browsing-context.js, line 1885: TypeError: can't access dead object
JavaScript error: resource://devtools/server/actors/targets/browsing-context.js, line 1885: TypeError: can't access dead object
JavaScript error: resource://devtools/server/actors/targets/browsing-context.js, line 1885: TypeError: can't access dead object
JavaScript error: resource://devtools/server/actors/targets/browsing-context.js, line 1885: TypeError: can't access dead object
JavaScript error: resource://devtools/server/actors/targets/browsing-context.js, line 1885: TypeError: can't access dead object
JavaScript error: resource://devtools/server/actors/targets/browsing-context.js, line 1885: TypeError: can't access dead object
JavaScript error: resource://devtools/server/actors/targets/browsing-context.js, line 1885: TypeError: can't access dead object
JavaScript error: resource://devtools/server/actors/targets/browsing-context.js, line 1885: TypeError: can't access dead object
JavaScript error: resource://devtools/server/actors/targets/browsing-context.js, line 1885: TypeError: can't access dead object
JavaScript error: resource://devtools/server/actors/targets/browsing-context.js, line 1885: TypeError: can't access dead object
JavaScript error: resource://devtools/server/actors/targets/browsing-context.js, line 1885: TypeError: can't access dead object
JavaScript error: resource://devtools/server/actors/targets/browsing-context.js, line 1885: TypeError: can't access dead object
JavaScript error: resource://devtools/server/actors/targets/browsing-context.js, line 1885: TypeError: can't access dead object
JavaScript error: resource://devtools/server/actors/targets/browsing-context.js, line 1885: TypeError: can't access dead object
JavaScript error: resource://devtools/server/actors/targets/browsing-context.js, line 1885: TypeError: can't access dead object
JavaScript error: resource://devtools/server/actors/targets/browsing-context.js, line 1885: TypeError: can't access dead object
JavaScript error: resource://devtools/server/actors/targets/browsing-context.js, line 1885: TypeError: can't access dead object
JavaScript error: resource://devtools/server/actors/targets/browsing-context.js, line 1885: TypeError: can't access dead object
JavaScript error: resource://devtools/server/actors/targets/browsing-context.js, line 1885: TypeError: can't access dead object
JavaScript error: resource://devtools/server/actors/targets/browsing-context.js, line 1885: TypeError: can't access dead object
JavaScript error: resource://devtools/server/actors/targets/browsing-context.js, line 1885: TypeError: can't access dead object
JavaScript error: resource://devtools/server/actors/targets/browsing-context.js, line 1885: TypeError: can't access dead object
JavaScript error: resource://devtools/server/actors/targets/browsing-context.js, line 1885: TypeError: can't access dead object
JavaScript error: resource://devtools/server/actors/targets/browsing-context.js, line 1885: TypeError: can't access dead object
JavaScript error: resource://devtools/server/actors/targets/browsing-context.js, line 1885: TypeError: can't access dead object
JavaScript error: resource://devtools/server/actors/targets/browsing-context.js, line 1885: TypeError: can't access dead object
JavaScript error: resource://devtools/server/actors/targets/browsing-context.js, line 1885: TypeError: can't access dead object
JavaScript error: resource://devtools/server/actors/targets/browsing-context.js, line 1885: TypeError: can't access dead object
JavaScript error: resource://devtools/server/actors/targets/browsing-context.js, line 1885: TypeError: can't access dead object
JavaScript error: resource://devtools/server/actors/targets/browsing-context.js, line 1885: TypeError: can't access dead object
JavaScript error: resource://devtools/server/actors/targets/browsing-context.js, line 1885: TypeError: can't access dead object
JavaScript error: resource://devtools/server/actors/targets/browsing-context.js, line 1885: TypeError: can't access dead object
JavaScript error: resource://devtools/server/actors/targets/browsing-context.js, line 1885: TypeError: can't access dead object
JavaScript error: resource://devtools/server/actors/targets/browsing-context.js, line 1885: TypeError: can't access dead object
JavaScript error: resource://devtools/server/actors/targets/browsing-context.js, line 1885: TypeError: can't access dead object
JavaScript error: resource://devtools/server/actors/targets/browsing-context.js, line 1885: TypeError: can't access dead object
JavaScript error: resource://devtools/server/actors/targets/browsing-context.js, line 1885: TypeError: can't access dead object
JavaScript error: resource://devtools/server/actors/targets/browsing-context.js, line 1885: TypeError: can't access dead object
JavaScript error: resource://devtools/server/actors/targets/browsing-context.js, line 1885: TypeError: can't access dead object
JavaScript error: resource://devtools/server/actors/targets/browsing-context.js, line 1885: TypeError: can't access dead object
JavaScript error: resource://devtools/server/actors/targets/browsing-context.js, line 1885: TypeError: can't access dead object
JavaScript error: resource://devtools/server/actors/targets/browsing-context.js, line 1885: TypeError: can't access dead object
JavaScript error: resource://devtools/server/actors/targets/browsing-context.js, line 1885: TypeError: can't access dead object
JavaScript error: resource://devtools/server/actors/targets/browsing-context.js, line 1885: TypeError: can't access dead object
JavaScript error: resource://devtools/server/actors/targets/browsing-context.js, line 1885: TypeError: can't access dead object
JavaScript error: resource://devtools/server/actors/targets/browsing-context.js, line 1885: TypeError: can't access dead object
JavaScript error: resource://devtools/server/actors/targets/browsing-context.js, line 1885: TypeError: can't access dead object
JavaScript error: resource://devtools/server/actors/targets/browsing-context.js, line 1885: TypeError: can't access dead object
JavaScript error: resource://devtools/server/actors/targets/browsing-context.js, line 1885: TypeError: can't access dead object
JavaScript error: resource://devtools/server/actors/targets/browsing-context.js, line 1885: TypeError: can't access dead object
JavaScript error: resource://devtools/server/actors/targets/browsing-context.js, line 1885: TypeError: can't access dead object
JavaScript error: resource://devtools/server/actors/targets/browsing-context.js, line 1885: TypeError: can't access dead object
JavaScript error: resource://devtools/server/actors/targets/browsing-context.js, line 1885: TypeError: can't access dead object
JavaScript error: resource://devtools/server/actors/targets/browsing-context.js, line 1885: TypeError: can't access dead object
JavaScript error: resource://devtools/server/actors/targets/browsing-context.js, line 1885: TypeError: can't access dead object
JavaScript error: resource://devtools/server/actors/targets/browsing-context.js, line 1885: TypeError: can't access dead object
JavaScript error: resource://devtools/server/actors/targets/browsing-context.js, line 1885: TypeError: can't access dead object
JavaScript error: resource://devtools/server/actors/targets/browsing-context.js, line 1885: TypeError: can't access dead object
JavaScript error: resource://devtools/server/actors/targets/browsing-context.js, line 1885: TypeError: can't access dead object
JavaScript error: resource://devtools/server/actors/targets/browsing-context.js, line 1885: TypeError: can't access dead object
JavaScript error: resource://devtools/server/actors/targets/browsing-context.js, line 1885: TypeError: can't access dead object
JavaScript error: resource://devtools/server/actors/targets/browsing-context.js, line 1885: TypeError: can't access dead object
JavaScript error: resource://devtools/server/actors/targets/browsing-context.js, line 1885: TypeError: can't access dead object
JavaScript error: resource://devtools/server/actors/targets/browsing-context.js, line 1885: TypeError: can't access dead object
JavaScript error: resource://devtools/server/actors/targets/browsing-context.js, line 1885: TypeError: can't access dead object
JavaScript error: resource://devtools/server/actors/targets/browsing-context.js, line 1885: TypeError: can't access dead object
JavaScript error: resource://devtools/server/actors/targets/browsing-context.js, line 1885: TypeError: can't access dead object
JavaScript error: resource://devtools/server/actors/targets/browsing-context.js, line 1885: TypeError: can't access dead object
JavaScript error: resource://devtools/server/actors/targets/browsing-context.js, line 1885: TypeError: can't access dead object
JavaScript error: resource://devtools/server/actors/targets/browsing-context.js, line 1885: TypeError: can't access dead object
JavaScript error: resource://devtools/server/actors/targets/browsing-context.js, line 1885: TypeError: can't access dead object
JavaScript error: resource://devtools/server/actors/targets/browsing-context.js, line 1885: TypeError: can't access dead object
JavaScript error: resource://devtools/server/actors/targets/browsing-context.js, line 1885: TypeError: can't access dead object
JavaScript error: resource://devtools/server/actors/targets/browsing-context.js, line 1885: TypeError: can't access dead object
JavaScript error: resource://devtools/server/actors/targets/browsing-context.js, line 1885: TypeError: can't access dead object
JavaScript error: resource://devtools/server/actors/targets/browsing-context.js, line 1885: TypeError: can't access dead object
JavaScript error: resource://devtools/server/actors/targets/browsing-context.js, line 1885: TypeError: can't access dead object
JavaScript error: resource://devtools/server/actors/targets/browsing-context.js, line 1885: TypeError: can't access dead object
JavaScript error: resource://devtools/server/actors/targets/browsing-context.js, line 1885: TypeError: can't access dead object
JavaScript error: resource://devtools/server/actors/targets/browsing-context.js, line 1885: TypeError: can't access dead object
JavaScript error: resource://devtools/server/actors/targets/browsing-context.js, line 1885: TypeError: can't access dead object
JavaScript error: resource://devtools/server/actors/targets/browsing-context.js, line 1885: TypeError: can't access dead object
JavaScript error: resource://devtools/server/actors/targets/browsing-context.js, line 1885: TypeError: can't access dead object
JavaScript error: resource://devtools/server/actors/targets/browsing-context.js, line 1885: TypeError: can't access dead object
JavaScript error: resource://devtools/server/actors/targets/browsing-context.js, line 1885: TypeError: can't access dead object
JavaScript error: resource://devtools/server/actors/targets/browsing-context.js, line 1885: TypeError: can't access dead object
JavaScript error: resource://devtools/server/actors/targets/browsing-context.js, line 1885: TypeError: can't access dead object
JavaScript error: resource://devtools/server/actors/targets/browsing-context.js, line 1885: TypeError: can't access dead object
JavaScript error: resource://devtools/server/actors/targets/browsing-context.js, line 1885: TypeError: can't access dead object
JavaScript error: resource://devtools/server/actors/targets/browsing-context.js, line 1885: TypeError: can't access dead object
JavaScript error: resource://devtools/server/actors/targets/browsing-context.js, line 1885: TypeError: can't access dead object
JavaScript error: resource://devtools/server/actors/targets/browsing-context.js, line 1885: TypeError: can't access dead object
JavaScript error: resource://devtools/server/actors/targets/browsing-context.js, line 1885: TypeError: can't access dead object
JavaScript error: resource://devtools/server/actors/targets/browsing-context.js, line 1885: TypeError: can't access dead object
JavaScript error: resource://devtools/server/actors/targets/browsing-context.js, line 1885: TypeError: can't access dead object
JavaScript error: resource://devtools/server/actors/targets/browsing-context.js, line 1885: TypeError: can't access dead object
JavaScript error: resource://devtools/server/actors/targets/browsing-context.js, line 1885: TypeError: can't access dead object
JavaScript error: resource://devtools/server/actors/targets/browsing-context.js, line 1885: TypeError: can't access dead object
JavaScript error: resource://devtools/server/actors/targets/browsing-context.js, line 1885: TypeError: can't access dead object
JavaScript error: resource://devtools/server/actors/targets/browsing-context.js, line 1885: TypeError: can't access dead object
JavaScript error: resource://devtools/server/actors/targets/browsing-context.js, line 1885: TypeError: can't access dead object
JavaScript error: resource://devtools/server/actors/targets/browsing-context.js, line 1885: TypeError: can't access dead object
JavaScript error: resource://devtools/server/actors/targets/browsing-context.js, line 1885: TypeError: can't access dead object
JavaScript error: resource://devtools/server/actors/targets/browsing-context.js, line 1885: TypeError: can't access dead object
JavaScript error: resource://devtools/server/actors/targets/browsing-context.js, line 1885: TypeError: can't access dead object
JavaScript error: resource://devtools/server/actors/targets/browsing-context.js, line 1885: TypeError: can't access dead object
JavaScript error: resource://devtools/server/actors/targets/browsing-context.js, line 1885: TypeError: can't access dead object
JavaScript error: resource://devtools/server/actors/targets/browsing-context.js, line 1885: TypeError: can't access dead object
JavaScript error: resource://devtools/server/actors/targets/browsing-context.js, line 1885: TypeError: can't access dead object
JavaScript error: resource://devtools/server/actors/targets/browsing-context.js, line 1885: TypeError: can't access dead object
JavaScript error: resource://devtools/server/actors/targets/browsing-context.js, line 1885: TypeError: can't access dead object
JavaScript error: resource://devtools/server/actors/targets/browsing-context.js, line 1885: TypeError: can't access dead object
JavaScript error: resource://devtools/server/actors/targets/browsing-context.js, line 1885: TypeError: can't access dead object
JavaScript error: resource://devtools/server/actors/targets/browsing-context.js, line 1885: TypeError: can't access dead object
JavaScript error: resource://devtools/server/actors/targets/browsing-context.js, line 1885: TypeError: can't access dead object
JavaScript error: resource://devtools/server/actors/targets/browsing-context.js, line 1885: TypeError: can't access dead object
JavaScript error: resource://devtools/server/actors/targets/browsing-context.js, line 1885: TypeError: can't access dead object
JavaScript error: resource://devtools/server/actors/targets/browsing-context.js, line 1885: TypeError: can't access dead object
JavaScript error: resource://devtools/server/actors/targets/browsing-context.js, line 1885: TypeError: can't access dead object
JavaScript error: resource://devtools/server/actors/targets/browsing-context.js, line 1885: TypeError: can't access dead object
JavaScript error: resource://devtools/server/actors/targets/browsing-context.js, line 1885: TypeError: can't access dead object
JavaScript error: resource://devtools/server/actors/targets/browsing-context.js, line 1885: TypeError: can't access dead object
JavaScript error: resource://devtools/server/actors/targets/browsing-context.js, line 1885: TypeError: can't access dead object
JavaScript error: resource://devtools/server/actors/targets/browsing-context.js, line 1885: TypeError: can't access dead object
JavaScript error: resource://devtools/server/actors/targets/browsing-context.js, line 1885: TypeError: can't access dead object
JavaScript error: resource://devtools/server/actors/targets/browsing-context.js, line 1885: TypeError: can't access dead object
JavaScript error: resource://devtools/server/actors/targets/browsing-context.js, line 1885: TypeError: can't access dead object
JavaScript error: resource://devtools/server/actors/targets/browsing-context.js, line 1885: TypeError: can't access dead object
JavaScript error: resource://devtools/server/actors/targets/browsing-context.js, line 1885: TypeError: can't access dead object
JavaScript error: resource://devtools/server/actors/targets/browsing-context.js, line 1885: TypeError: can't access dead object
JavaScript error: resource://devtools/server/actors/targets/browsing-context.js, line 1885: TypeError: can't access dead object
JavaScript error: resource://devtools/server/actors/targets/browsing-context.js, line 1885: TypeError: can't access dead object
JavaScript error: resource://devtools/server/actors/targets/browsing-context.js, line 1885: TypeError: can't access dead object
JavaScript error: resource://devtools/server/actors/targets/browsing-context.js, line 1885: TypeError: can't access dead object
JavaScript error: resource://devtools/server/actors/targets/browsing-context.js, line 1885: TypeError: can't access dead object
JavaScript error: resource://devtools/server/actors/targets/browsing-context.js, line 1885: TypeError: can't access dead object
JavaScript error: resource://devtools/server/actors/targets/browsing-context.js, line 1885: TypeError: can't access dead object
JavaScript error: resource://devtools/server/actors/targets/browsing-context.js, line 1885: TypeError: can't access dead object
JavaScript error: resource://devtools/server/actors/targets/browsing-context.js, line 1885: TypeError: can't access dead object
JavaScript error: resource://devtools/server/actors/targets/browsing-context.js, line 1885: TypeError: can't access dead object
JavaScript error: resource://devtools/server/actors/targets/browsing-context.js, line 1885: TypeError: can't access dead object
JavaScript error: resource://devtools/server/actors/targets/browsing-context.js, line 1885: TypeError: can't access dead object
JavaScript error: resource://devtools/server/actors/targets/browsing-context.js, line 1885: TypeError: can't access dead object
JavaScript error: resource://devtools/server/actors/targets/browsing-context.js, line 1885: TypeError: can't access dead object
JavaScript error: resource://devtools/server/actors/targets/browsing-context.js, line 1885: TypeError: can't access dead object
JavaScript error: resource://devtools/server/actors/targets/browsing-context.js, line 1885: TypeError: can't access dead object
JavaScript error: resource://devtools/server/actors/targets/browsing-context.js, line 1885: TypeError: can't access dead object
JavaScript error: resource://devtools/server/actors/targets/browsing-context.js, line 1885: TypeError: can't access dead object
JavaScript error: resource://devtools/server/actors/targets/browsing-context.js, line 1885: TypeError: can't access dead object
JavaScript error: resource://devtools/server/actors/targets/browsing-context.js, line 1885: TypeError: can't access dead object
JavaScript error: resource://devtools/server/actors/targets/browsing-context.js, line 1885: TypeError: can't access dead object
JavaScript error: resource://devtools/server/actors/targets/browsing-context.js, line 1885: TypeError: can't access dead object
JavaScript error: resource://devtools/server/actors/targets/browsing-context.js, line 1885: TypeError: can't access dead object
JavaScript error: resource://devtools/server/actors/targets/browsing-context.js, line 1885: TypeError: can't access dead object
JavaScript error: resource://devtools/server/actors/targets/browsing-context.js, line 1885: TypeError: can't access dead object
JavaScript error: resource://devtools/server/actors/targets/browsing-context.js, line 1885: TypeError: can't access dead object
JavaScript error: resource://devtools/server/actors/targets/browsing-context.js, line 1885: TypeError: can't access dead object
JavaScript error: resource://devtools/server/actors/targets/browsing-context.js, line 1885: TypeError: can't access dead object
JavaScript error: resource://devtools/server/actors/targets/browsing-context.js, line 1885: TypeError: can't access dead object
JavaScript error: resource://devtools/server/actors/targets/browsing-context.js, line 1885: TypeError: can't access dead object
JavaScript error: resource://devtools/server/actors/targets/browsing-context.js, line 1885: TypeError: can't access dead object
JavaScript error: https://s0.2mdn.net/ads/richmedia/studio/pv2/61724840/20210311192831092/index.js, line 354: ReferenceError: next is not defined
JavaScript error: resource://devtools/server/actors/targets/browsing-context.js, line 1885: TypeError: can't access dead object
JavaScript error: resource://devtools/server/actors/targets/browsing-context.js, line 1885: TypeError: can't access dead object
JavaScript error: resource://devtools/server/actors/targets/browsing-context.js, line 1885: TypeError: can't access dead object
JavaScript error: resource://devtools/server/actors/targets/browsing-context.js, line 1885: TypeError: can't access dead object
JavaScript error: resource://devtools/server/actors/targets/browsing-context.js, line 1885: TypeError: can't access dead object
JavaScript error: resource://devtools/server/actors/targets/browsing-context.js, line 1885: TypeError: can't access dead object
JavaScript error: resource://devtools/server/actors/targets/browsing-context.js, line 1885: TypeError: can't access dead object
JavaScript error: resource://devtools/server/actors/targets/browsing-context.js, line 1885: TypeError: can't access dead object
JavaScript error: resource://devtools/server/actors/targets/browsing-context.js, line 1885: TypeError: can't access dead object
JavaScript error: resource://devtools/server/actors/targets/browsing-context.js, line 1885: TypeError: can't access dead object
JavaScript error: resource://devtools/server/actors/targets/browsing-context.js, line 1885: TypeError: can't access dead object
JavaScript error: resource://devtools/server/actors/targets/browsing-context.js, line 1885: TypeError: can't access dead object
JavaScript error: resource://devtools/server/actors/targets/browsing-context.js, line 1885: TypeError: can't access dead object
JavaScript error: resource://devtools/server/actors/targets/browsing-context.js, line 1885: TypeError: can't access dead object
JavaScript error: resource://devtools/server/actors/targets/browsing-context.js, line 1885: TypeError: can't access dead object
JavaScript error: resource://devtools/server/actors/targets/browsing-context.js, line 1885: TypeError: can't access dead object
JavaScript error: resource://devtools/server/actors/targets/browsing-context.js, line 1885: TypeError: can't access dead object
JavaScript error: resource://devtools/server/actors/targets/browsing-context.js, line 1885: TypeError: can't access dead object
JavaScript error: resource://devtools/server/actors/targets/browsing-context.js, line 1885: TypeError: can't access dead object
JavaScript error: resource://devtools/server/actors/targets/browsing-context.js, line 1885: TypeError: can't access dead object
JavaScript error: resource://devtools/server/actors/targets/browsing-context.js, line 1885: TypeError: can't access dead object
JavaScript error: resource://devtools/server/actors/targets/browsing-context.js, line 1885: TypeError: can't access dead object
JavaScript error: resource://devtools/server/actors/targets/browsing-context.js, line 1885: TypeError: can't access dead object
JavaScript error: resource://devtools/server/actors/targets/browsing-context.js, line 1885: TypeError: can't access dead object
JavaScript error: resource://devtools/server/actors/targets/browsing-context.js, line 1885: TypeError: can't access dead object
JavaScript error: resource://devtools/server/actors/targets/browsing-context.js, line 1885: TypeError: can't access dead object
JavaScript error: resource://devtools/server/actors/targets/browsing-context.js, line 1885: TypeError: can't access dead object
JavaScript error: resource://devtools/server/actors/targets/browsing-context.js, line 1885: TypeError: can't access dead object
JavaScript error: resource://devtools/server/actors/targets/browsing-context.js, line 1885: TypeError: can't access dead object
JavaScript error: resource://devtools/server/actors/targets/browsing-context.js, line 1885: TypeError: can't access dead object
JavaScript error: resource://devtools/server/actors/targets/browsing-context.js, line 1885: TypeError: can't access dead object
JavaScript error: resource://devtools/server/actors/targets/browsing-context.js, line 1885: TypeError: can't access dead object
JavaScript error: resource://devtools/server/actors/targets/browsing-context.js, line 1885: TypeError: can't access dead object
JavaScript error: resource://devtools/server/actors/targets/browsing-context.js, line 1885: TypeError: can't access dead object
JavaScript error: resource://devtools/server/actors/targets/browsing-context.js, line 1885: TypeError: can't access dead object
JavaScript error: resource://devtools/server/actors/targets/browsing-context.js, line 1885: TypeError: can't access dead object
JavaScript error: resource://devtools/server/actors/targets/browsing-context.js, line 1885: TypeError: can't access dead object
JavaScript error: resource://devtools/server/actors/targets/browsing-context.js, line 1885: TypeError: can't access dead object
JavaScript error: resource://devtools/server/actors/targets/browsing-context.js, line 1885: TypeError: can't access dead object
console.error: "Error while calling actor 'layout's method 'getGrids'" "node is null"
console.error: "getGrids@resource://devtools/server/actors/layout.js:502:26\ngetGrids@resource://devtools/server/actors/layout.js:507:43\ngetGrids@resource://devtools/server/actors/layout.js:507:43\ngetGrids@resource://devtools/server/actors/layout.js:507:43\ngetGrids@resource://devtools/server/actors/layout.js:507:43\nhandler@resource://devtools/shared/protocol/Actor.js:172:37\nonPacket@resource://devtools/server/devtools-server-connection.js:379:58\nreceiveMessage@resource://devtools/shared/transport/child-transport.js:68:16\n"
JavaScript error: resource://devtools/server/actors/targets/browsing-context.js, line 1885: TypeError: can't access dead object
JavaScript error: resource://devtools/server/actors/targets/browsing-context.js, line 1885: TypeError: can't access dead object
JavaScript error: resource://devtools/server/actors/targets/browsing-context.js, line 1885: TypeError: can't access dead object
JavaScript error: resource://devtools/server/actors/targets/browsing-context.js, line 1885: TypeError: can't access dead object
JavaScript error: resource://devtools/server/actors/targets/browsing-context.js, line 1885: TypeError: can't access dead object
JavaScript error: resource://devtools/server/actors/targets/browsing-context.js, line 1885: TypeError: can't access dead object
JavaScript error: resource://devtools/server/actors/targets/browsing-context.js, line 1885: TypeError: can't access dead object
JavaScript error: resource://devtools/server/actors/targets/browsing-context.js, line 1885: TypeError: can't access dead object
JavaScript error: resource://devtools/server/actors/targets/browsing-context.js, line 1885: TypeError: can't access dead object
JavaScript error: resource://devtools/server/actors/targets/browsing-context.js, line 1885: TypeError: can't access dead object
JavaScript error: resource://devtools/server/actors/targets/browsing-context.js, line 1885: TypeError: can't access dead object
JavaScript error: resource://devtools/server/actors/targets/browsing-context.js, line 1885: TypeError: can't access dead object
JavaScript error: resource://devtools/server/actors/targets/browsing-context.js, line 1885: TypeError: can't access dead object
JavaScript error: resource://devtools/server/actors/targets/browsing-context.js, line 1885: TypeError: can't access dead object
JavaScript error: resource://devtools/server/actors/targets/browsing-context.js, line 1885: TypeError: can't access dead object
JavaScript error: resource://devtools/server/actors/targets/browsing-context.js, line 1885: TypeError: can't access dead object
JavaScript error: resource://devtools/server/actors/targets/browsing-context.js, line 1885: TypeError: can't access dead object
JavaScript error: resource://devtools/server/actors/targets/browsing-context.js, line 1885: TypeError: can't access dead object
JavaScript error: resource://devtools/server/actors/targets/browsing-context.js, line 1885: TypeError: can't access dead object
JavaScript error: resource://devtools/server/actors/targets/browsing-context.js, line 1885: TypeError: can't access dead object
JavaScript error: resource://devtools/server/actors/targets/browsing-context.js, line 1885: TypeError: can't access dead object
JavaScript error: resource://devtools/server/actors/targets/browsing-context.js, line 1885: TypeError: can't access dead object
JavaScript error: resource://devtools/server/actors/targets/browsing-context.js, line 1885: TypeError: can't access dead object
JavaScript error: resource://devtools/server/actors/targets/browsing-context.js, line 1885: TypeError: can't access dead object
JavaScript error: resource://devtools/server/actors/targets/browsing-context.js, line 1885: TypeError: can't access dead object
JavaScript error: resource://devtools/server/actors/targets/browsing-context.js, line 1885: TypeError: can't access dead object
JavaScript error: resource://devtools/server/actors/targets/browsing-context.js, line 1885: TypeError: can't access dead object
JavaScript error: resource://devtools/server/actors/targets/browsing-context.js, line 1885: TypeError: can't access dead object
JavaScript error: resource://devtools/server/actors/targets/browsing-context.js, line 1885: TypeError: can't access dead object
JavaScript error: resource://devtools/server/actors/targets/browsing-context.js, line 1885: TypeError: can't access dead object
JavaScript error: resource://devtools/server/actors/targets/browsing-context.js, line 1885: TypeError: can't access dead object
JavaScript error: resource://devtools/server/actors/targets/browsing-context.js, line 1885: TypeError: can't access dead object
JavaScript error: resource://devtools/server/actors/targets/browsing-context.js, line 1885: TypeError: can't access dead object
JavaScript error: resource://devtools/server/actors/targets/browsing-context.js, line 1885: TypeError: can't access dead object
JavaScript error: resource://devtools/server/actors/targets/browsing-context.js, line 1885: TypeError: can't access dead object
JavaScript error: resource://devtools/server/actors/targets/browsing-context.js, line 1885: TypeError: can't access dead object
JavaScript error: resource://devtools/server/actors/targets/browsing-context.js, line 1885: TypeError: can't access dead object
JavaScript error: resource://devtools/server/actors/targets/browsing-context.js, line 1885: TypeError: can't access dead object
JavaScript error: resource://devtools/server/actors/targets/browsing-context.js, line 1885: TypeError: can't access dead object
JavaScript error: resource://devtools/server/actors/targets/browsing-context.js, line 1885: TypeError: can't access dead object
JavaScript error: resource://devtools/server/actors/targets/browsing-context.js, line 1885: TypeError: can't access dead object
JavaScript error: resource://devtools/server/actors/targets/browsing-context.js, line 1885: TypeError: can't access dead object
JavaScript error: resource://devtools/server/actors/targets/browsing-context.js, line 1885: TypeError: can't access dead object
JavaScript error: resource://devtools/server/actors/targets/browsing-context.js, line 1885: TypeError: can't access dead object
JavaScript error: resource://devtools/server/actors/targets/browsing-context.js, line 1885: TypeError: can't access dead object
JavaScript error: resource://devtools/server/actors/targets/browsing-context.js, line 1885: TypeError: can't access dead object
JavaScript error: resource://devtools/server/actors/targets/browsing-context.js, line 1885: TypeError: can't access dead object
JavaScript error: resource://devtools/server/actors/targets/browsing-context.js, line 1885: TypeError: can't access dead object
JavaScript error: resource://devtools/server/actors/targets/browsing-context.js, line 1885: TypeError: can't access dead object
JavaScript error: resource://devtools/server/actors/targets/browsing-context.js, line 1885: TypeError: can't access dead object
JavaScript error: resource://devtools/server/actors/targets/browsing-context.js, line 1885: TypeError: can't access dead object
JavaScript error: resource://devtools/server/actors/targets/browsing-context.js, line 1885: TypeError: can't access dead object
JavaScript error: resource://devtools/server/actors/targets/browsing-context.js, line 1885: TypeError: can't access dead object
JavaScript error: resource://devtools/server/actors/targets/browsing-context.js, line 1885: TypeError: can't access dead object
JavaScript error: resource://devtools/server/actors/targets/browsing-context.js, line 1885: TypeError: can't access dead object
JavaScript error: resource://devtools/server/actors/targets/browsing-context.js, line 1885: TypeError: can't access dead object
JavaScript error: resource://devtools/server/actors/targets/browsing-context.js, line 1885: TypeError: can't access dead object
JavaScript error: resource://devtools/server/actors/targets/browsing-context.js, line 1885: TypeError: can't access dead object
JavaScript error: resource://devtools/server/actors/targets/browsing-context.js, line 1885: TypeError: can't access dead object
JavaScript error: resource://devtools/server/actors/targets/browsing-context.js, line 1885: TypeError: can't access dead object
JavaScript error: resource://devtools/server/actors/targets/browsing-context.js, line 1885: TypeError: can't access dead object
JavaScript error: resource://devtools/server/actors/targets/browsing-context.js, line 1885: TypeError: can't access dead object
JavaScript error: resource://devtools/server/actors/targets/browsing-context.js, line 1885: TypeError: can't access dead object
JavaScript error: resource://devtools/server/actors/targets/browsing-context.js, line 1885: TypeError: can't access dead object
JavaScript error: resource://devtools/server/actors/targets/browsing-context.js, line 1885: TypeError: can't access dead object
JavaScript error: resource://devtools/server/actors/targets/browsing-context.js, line 1885: TypeError: can't access dead object
console.error: "Error while calling actor 'layout's method 'getGrids'" "node is null"
console.error: "getGrids@resource://devtools/server/actors/layout.js:502:26\ngetGrids@resource://devtools/server/actors/layout.js:507:43\ngetGrids@resource://devtools/server/actors/layout.js:507:43\nhandler@resource://devtools/shared/protocol/Actor.js:172:37\nonPacket@resource://devtools/server/devtools-server-connection.js:379:58\nreceiveMessage@resource://devtools/shared/transport/child-transport.js:68:16\n"
JavaScript error: resource://devtools/server/actors/targets/browsing-context.js, line 1885: TypeError: can't access dead object
JavaScript error: resource://devtools/server/actors/targets/browsing-context.js, line 1885: TypeError: can't access dead object
JavaScript error: resource://devtools/server/actors/targets/browsing-context.js, line 1885: TypeError: can't access dead object
JavaScript error: resource://devtools/server/actors/targets/browsing-context.js, line 1885: TypeError: can't access dead object
JavaScript error: resource://devtools/server/actors/targets/browsing-context.js, line 1885: TypeError: can't access dead object
JavaScript error: resource://devtools/server/actors/targets/browsing-context.js, line 1885: TypeError: can't access dead object
JavaScript error: resource://devtools/server/actors/targets/browsing-context.js, line 1885: TypeError: can't access dead object
JavaScript error: resource://devtools/server/actors/targets/browsing-context.js, line 1885: TypeError: can't access dead object
JavaScript error: resource://devtools/server/actors/targets/browsing-context.js, line 1885: TypeError: can't access dead object
JavaScript error: resource://devtools/server/actors/targets/browsing-context.js, line 1885: TypeError: can't access dead object
JavaScript error: resource://devtools/server/actors/targets/browsing-context.js, line 1885: TypeError: can't access dead object
JavaScript error: resource://devtools/server/actors/targets/browsing-context.js, line 1885: TypeError: can't access dead object
JavaScript error: resource://devtools/server/actors/targets/browsing-context.js, line 1885: TypeError: can't access dead object
JavaScript error: resource://devtools/server/actors/targets/browsing-context.js, line 1885: TypeError: can't access dead object
JavaScript error: resource://devtools/server/actors/targets/browsing-context.js, line 1885: TypeError: can't access dead object
JavaScript error: resource://devtools/server/actors/targets/browsing-context.js, line 1885: TypeError: can't access dead object
JavaScript error: resource://devtools/server/actors/targets/browsing-context.js, line 1885: TypeError: can't access dead object
JavaScript error: resource://devtools/server/actors/targets/browsing-context.js, line 1885: TypeError: can't access dead object
JavaScript error: resource://devtools/server/actors/targets/browsing-context.js, line 1885: TypeError: can't access dead object
JavaScript error: resource://devtools/server/actors/targets/browsing-context.js, line 1885: TypeError: can't access dead object
JavaScript error: resource://devtools/server/actors/targets/browsing-context.js, line 1885: TypeError: can't access dead object
JavaScript error: resource://devtools/server/actors/targets/browsing-context.js, line 1885: TypeError: can't access dead object
JavaScript error: resource://devtools/server/actors/targets/browsing-context.js, line 1885: TypeError: can't access dead object
JavaScript error: resource://devtools/server/actors/targets/browsing-context.js, line 1885: TypeError: can't access dead object
JavaScript error: resource://devtools/server/actors/targets/browsing-context.js, line 1885: TypeError: can't access dead object
JavaScript error: resource://devtools/server/actors/targets/browsing-context.js, line 1885: TypeError: can't access dead object
JavaScript error: resource://devtools/server/actors/targets/browsing-context.js, line 1885: TypeError: can't access dead object
JavaScript error: resource://devtools/server/actors/targets/browsing-context.js, line 1885: TypeError: can't access dead object
JavaScript error: resource://devtools/server/actors/targets/browsing-context.js, line 1885: TypeError: can't access dead object
JavaScript error: resource://devtools/server/actors/targets/browsing-context.js, line 1885: TypeError: can't access dead object
JavaScript error: resource://devtools/server/actors/targets/browsing-context.js, line 1885: TypeError: can't access dead object
JavaScript error: resource://devtools/server/actors/targets/browsing-context.js, line 1885: TypeError: can't access dead object
JavaScript error: resource://devtools/server/actors/targets/browsing-context.js, line 1885: TypeError: can't access dead object
JavaScript error: resource://devtools/server/actors/targets/browsing-context.js, line 1885: TypeError: can't access dead object
JavaScript error: resource://devtools/server/actors/targets/browsing-context.js, line 1885: TypeError: can't access dead object
JavaScript error: resource://devtools/server/actors/targets/browsing-context.js, line 1885: TypeError: can't access dead object
JavaScript error: resource://devtools/server/actors/targets/browsing-context.js, line 1885: TypeError: can't access dead object
JavaScript error: resource://devtools/server/actors/targets/browsing-context.js, line 1885: TypeError: can't access dead object
JavaScript error: resource://devtools/server/actors/targets/browsing-context.js, line 1885: TypeError: can't access dead object
JavaScript error: resource://devtools/server/actors/targets/browsing-context.js, line 1885: TypeError: can't access dead object
JavaScript error: resource://devtools/server/actors/targets/browsing-context.js, line 1885: TypeError: can't access dead object
JavaScript error: resource://devtools/server/actors/targets/browsing-context.js, line 1885: TypeError: can't access dead object
JavaScript error: resource://devtools/server/actors/targets/browsing-context.js, line 1885: TypeError: can't access dead object
JavaScript error: resource://devtools/server/actors/targets/browsing-context.js, line 1885: TypeError: can't access dead object
1615924271829	Marionette	INFO	Stopped listening on port 61041

###!!! [Child][RunMessage] Error: Channel closing: too late to send/recv, messages will be lost

"--marionette" "-foreground" "-no-remote" "-profile" "C:\\Users\\User\\AppData\\Local\\Temp\\rust_mozprofileSfiNZT"
console.warn: SearchSettings: "get: No settings file exists, new profile?" (new Error("", "(unknown module)"))
1615924123874	Marionette	INFO	Listening on port 50433
1615924123997	Marionette	WARN	TLS certificate errors will be ignored for this session

###!!! [Child][RunMessage] Error: Channel closing: too late to send/recv, messages will be lost

1615925695833	Marionette	INFO	Stopped listening on port 50433

###!!! [Child][RunMessage] Error: Channel closing: too late to send/recv, messages will be lost

profilebhlCGx"
console.warn: SearchSettings: "get: No settings file exists, new profile?" (new Error("", "(unknown module)"))
1615924157385	Marionette	INFO	Listening on port 50630
1615924157412	Marionette	WARN	TLS certificate errors will be ignored for this session
1615924268877	Marionette	INFO	Stopped listening on port 50630

###!!! [Child][RunMessage] Error: Channel closing: too late to send/recv, messages will be lost

"--marionette" "-foreground" "-no-remote" "-profile" "C:\\Users\\User\\AppData\\Local\\Temp\\rust_mozprofileKjL8Wh"
console.warn: SearchSettings: "get: No settings file exists, new profile?" (new Error("", "(unknown module)"))
1615924270641	Marionette	INFO	Listening on port 51043
1615924270767	Marionette	WARN	TLS certificate errors will be ignored for this session
JavaScript error: resource://devtools/server/actors/targets/browsing-context.js, line 1885: TypeError: can't access dead object
JavaScript error: resource://devtools/server/actors/targets/browsing-context.js, line 1885: TypeError: can't access dead object
JavaScript error: resource://devtools/server/actors/targets/browsing-context.js, line 1885: TypeError: can't access dead object
JavaScript error: resource://devtools/server/actors/targets/browsing-context.js, line 1885: TypeError: can't access dead object
JavaScript error: resource://devtools/server/actors/targets/browsing-context.js, line 1885: TypeError: can't access dead object
JavaScript error: resource://devtools/server/actors/targets/browsing-context.js, line 1885: TypeError: can't access dead object
JavaScript error: resource://devtools/server/actors/targets/browsing-context.js, line 1885: TypeError: can't access dead object
JavaScript error: resource://devtools/server/actors/targets/browsing-context.js, line 1885: TypeError: can't access dead object
JavaScript error: resource://devtools/server/actors/targets/browsing-context.js, line 1885: TypeError: can't access dead object
JavaScript error: resource://devtools/server/actors/targets/browsing-context.js, line 1885: TypeError: can't access dead object
JavaScript error: resource://devtools/server/actors/targets/browsing-context.js, line 1885: TypeError: can't access dead object
JavaScript error: resource://devtools/server/actors/targets/browsing-context.js, line 1885: TypeError: can't access dead object
JavaScript error: resource://devtools/server/actors/targets/browsing-context.js, line 1885: TypeError: can't access dead object
JavaScript error: resource://devtools/server/actors/targets/browsing-context.js, line 1885: TypeError: can't access dead object
JavaScript error: resource://devtools/server/actors/targets/browsing-context.js, line 1885: TypeError: can't access dead object
JavaScript error: resource://devtools/server/actors/targets/browsing-context.js, line 1885: TypeError: can't access dead object
JavaScript error: resource://devtools/server/actors/targets/browsing-context.js, line 1885: TypeError: can't access dead object
JavaScript error: resource://devtools/server/actors/targets/browsing-context.js, line 1885: TypeError: can't access dead object
JavaScript error: resource://devtools/server/actors/targets/browsing-context.js, line 1885: TypeError: can't access dead object
JavaScript error: resource://devtools/server/actors/targets/browsing-context.js, line 1885: TypeError: can't access dead object
JavaScript error: resource://devtools/server/actors/targets/browsing-context.js, line 1885: TypeError: can't access dead object
JavaScript error: resource://devtools/server/actors/targets/browsing-context.js, line 1885: TypeError: can't access dead object
JavaScript error: resource://devtools/server/actors/targets/browsing-context.js, line 1885: TypeError: can't access dead object
JavaScript error: resource://devtools/server/actors/targets/browsing-context.js, line 1885: TypeError: can't access dead object
JavaScript error: resource://devtools/server/actors/targets/browsing-context.js, line 1885: TypeError: can't access dead object
JavaScript error: resource://devtools/server/actors/targets/browsing-context.js, line 1885: TypeError: can't access dead object
JavaScript error: resource://devtools/server/actors/targets/browsing-context.js, line 1885: TypeError: can't access dead object
JavaScript error: resource://devtools/server/actors/targets/browsing-context.js, line 1885: TypeError: can't access dead object
JavaScript error: resource://devtools/server/actors/targets/browsing-context.js, line 1885: TypeError: can't access dead object
JavaScript error: resource://devtools/server/actors/targets/browsing-context.js, line 1885: TypeError: can't access dead object
JavaScript error: resource://devtools/server/actors/targets/browsing-context.js, line 1885: TypeError: can't access dead object
JavaScript error: resource://devtools/server/actors/targets/browsing-context.js, line 1885: TypeError: can't access dead object
JavaScript error: resource://devtools/server/actors/targets/browsing-context.js, line 1885: TypeError: can't access dead object
JavaScript error: resource://devtools/server/actors/targets/browsing-context.js, line 1885: TypeError: can't access dead object
JavaScript error: resource://devtools/server/actors/targets/browsing-context.js, line 1885: TypeError: can't access dead object
JavaScript error: resource://devtools/server/actors/targets/browsing-context.js, line 1885: TypeError: can't access dead object
JavaScript error: resource://devtools/server/actors/targets/browsing-context.js, line 1885: TypeError: can't access dead object
JavaScript error: resource://devtools/server/actors/targets/browsing-context.js, line 1885: TypeError: can't access dead object
JavaScript error: resource://devtools/server/actors/targets/browsing-context.js, line 1885: TypeError: can't access dead object
JavaScript error: resource://devtools/server/actors/targets/browsing-context.js, line 1885: TypeError: can't access dead object
JavaScript error: resource://devtools/server/actors/targets/browsing-context.js, line 1885: TypeError: can't access dead object
JavaScript error: resource://devtools/server/actors/targets/browsing-context.js, line 1885: TypeError: can't access dead object
JavaScript error: resource://devtools/server/actors/targets/browsing-context.js, line 1885: TypeError: can't access dead object
JavaScript error: resource://devtools/server/actors/targets/browsing-context.js, line 1885: TypeError: can't access dead object
JavaScript error: resource://devtools/server/actors/targets/browsing-context.js, line 1885: TypeError: can't access dead object
JavaScript error: resource://devtools/server/actors/targets/browsing-context.js, line 1885: TypeError: can't access dead object
JavaScript error: resource://devtools/server/actors/targets/browsing-context.js, line 1885: TypeError: can't access dead object
JavaScript error: resource://devtools/server/actors/targets/browsing-context.js, line 1885: TypeError: can't access dead object
JavaScript error: resource://devtools/server/actors/targets/browsing-context.js, line 1885: TypeError: can't access dead object
JavaScript error: resource://devtools/server/actors/targets/browsing-context.js, line 1885: TypeError: can't access dead object
JavaScript error: resource://devtools/server/actors/targets/browsing-context.js, line 1885: TypeError: can't access dead object
JavaScript error: resource://devtools/server/actors/targets/browsing-context.js, line 1885: TypeError: can't access dead object
JavaScript error: resource://devtools/server/actors/targets/browsing-context.js, line 1885: TypeError: can't access dead object
JavaScript error: resource://devtools/server/actors/targets/browsing-context.js, line 1885: TypeError: can't access dead object
JavaScript error: resource://devtools/server/actors/targets/browsing-context.js, line 1885: TypeError: can't access dead object
JavaScript error: resource://devtools/server/actors/targets/browsing-context.js, line 1885: TypeError: can't access dead object
JavaScript error: resource://devtools/server/actors/targets/browsing-context.js, line 1885: TypeError: can't access dead object
JavaScript error: resource://devtools/server/actors/targets/browsing-context.js, line 1885: TypeError: can't access dead object
JavaScript error: resource://devtools/server/actors/targets/browsing-context.js, line 1885: TypeError: can't access dead object
JavaScript error: resource://devtools/server/actors/targets/browsing-context.js, line 1885: TypeError: can't access dead object
JavaScript error: resource://devtools/server/actors/targets/browsing-context.js, line 1885: TypeError: can't access dead object
JavaScript error: resource://devtools/server/actors/targets/browsing-context.js, line 1885: TypeError: can't access dead object
JavaScript error: resource://devtools/server/actors/targets/browsing-context.js, line 1885: TypeError: can't access dead object
JavaScript error: resource://devtools/server/actors/targets/browsing-context.js, line 1885: TypeError: can't access dead object
JavaScript error: resource://devtools/server/actors/targets/browsing-context.js, line 1885: TypeError: can't access dead object
JavaScript error: resource://devtools/server/actors/targets/browsing-context.js, line 1885: TypeError: can't access dead object
JavaScript error: resource://devtools/server/actors/targets/browsing-context.js, line 1885: TypeError: can't access dead object
JavaScript error: resource://devtools/server/actors/targets/browsing-context.js, line 1885: TypeError: can't access dead object
JavaScript error: resource://devtools/server/actors/targets/browsing-context.js, line 1885: TypeError: can't access dead object
JavaScript error: resource://devtools/server/actors/targets/browsing-context.js, line 1885: TypeError: can't access dead object
JavaScript error: resource://devtools/server/actors/targets/browsing-context.js, line 1885: TypeError: can't access dead object
JavaScript error: resource://devtools/server/actors/targets/browsing-context.js, line 1885: TypeError: can't access dead object
JavaScript error: resource://devtools/server/actors/targets/browsing-context.js, line 1885: TypeError: can't access dead object
JavaScript error: resource://devtools/server/actors/targets/browsing-context.js, line 1885: TypeError: can't access dead object
JavaScript error: resource://devtools/server/actors/targets/browsing-context.js, line 1885: TypeError: can't access dead object
JavaScript error: resource://devtools/server/actors/targets/browsing-context.js, line 1885: TypeError: can't access dead object
JavaScript error: resource://devtools/server/actors/targets/browsing-context.js, line 1885: TypeError: can't access dead object
JavaScript error: resource://devtools/server/actors/targets/browsing-context.js, line 1885: TypeError: can't access dead object
JavaScript error: resource://devtools/server/actors/targets/browsing-context.js, line 1885: TypeError: can't access dead object
JavaScript error: resource://devtools/server/actors/targets/browsing-context.js, line 1885: TypeError: can't access dead object
JavaScript error: resource://devtools/server/actors/targets/browsing-context.js, line 1885: TypeError: can't access dead object
JavaScript error: resource://devtools/server/actors/targets/browsing-context.js, line 1885: TypeError: can't access dead object
JavaScript error: resource://devtools/server/actors/targets/browsing-context.js, line 1885: TypeError: can't access dead object
JavaScript error: resource://devtools/server/actors/targets/browsing-context.js, line 1885: TypeError: can't access dead object
JavaScript error: resource://devtools/server/actors/targets/browsing-context.js, line 1885: TypeError: can't access dead object
JavaScript error: resource://devtools/server/actors/targets/browsing-context.js, line 1885: TypeError: can't access dead object
JavaScript error: resource://devtools/server/actors/targets/browsing-context.js, line 1885: TypeError: can't access dead object
JavaScript error: resource://devtools/server/actors/targets/browsing-context.js, line 1885: TypeError: can't access dead object
JavaScript error: resource://devtools/server/actors/targets/browsing-context.js, line 1885: TypeError: can't access dead object
JavaScript error: resource://devtools/server/actors/targets/browsing-context.js, line 1885: TypeError: can't access dead object
JavaScript error: resource://devtools/server/actors/targets/browsing-context.js, line 1885: TypeError: can't access dead object
JavaScript error: resource://devtools/server/actors/targets/browsing-context.js, line 1885: TypeError: can't access dead object
JavaScript error: resource://devtools/server/actors/targets/browsing-context.js, line 1885: TypeError: can't access dead object
JavaScript error: resource://devtools/server/actors/targets/browsing-context.js, line 1885: TypeError: can't access dead object
JavaScript error: resource://devtools/server/actors/targets/browsing-context.js, line 1885: TypeError: can't access dead object
JavaScript error: resource://devtools/server/actors/targets/browsing-context.js, line 1885: TypeError: can't access dead object
JavaScript error: resource://devtools/server/actors/targets/browsing-context.js, line 1885: TypeError: can't access dead object
JavaScript error: resource://devtools/server/actors/targets/browsing-context.js, line 1885: TypeError: can't access dead object
JavaScript error: resource://devtools/server/actors/targets/browsing-context.js, line 1885: TypeError: can't access dead object
JavaScript error: resource://devtools/server/actors/targets/browsing-context.js, line 1885: TypeError: can't access dead object
JavaScript error: resource://devtools/server/actors/targets/browsing-context.js, line 1885: TypeError: can't access dead object
JavaScript error: resource://devtools/server/actors/targets/browsing-context.js, line 1885: TypeError: can't access dead object
JavaScript error: resource://devtools/server/actors/targets/browsing-context.js, line 1885: TypeError: can't access dead object
JavaScript error: resource://devtools/server/actors/targets/browsing-context.js, line 1885: TypeError: can't access dead object
JavaScript error: resource://devtools/server/actors/targets/browsing-context.js, line 1885: TypeError: can't access dead object
JavaScript error: resource://devtools/server/actors/targets/browsing-context.js, line 1885: TypeError: can't access dead object
JavaScript error: resource://devtools/server/actors/targets/browsing-context.js, line 1885: TypeError: can't access dead object
JavaScript error: resource://devtools/server/actors/targets/browsing-context.js, line 1885: TypeError: can't access dead object
JavaScript error: resource://devtools/server/actors/targets/browsing-context.js, line 1885: TypeError: can't access dead object
JavaScript error: resource://devtools/server/actors/targets/browsing-context.js, line 1885: TypeError: can't access dead object
JavaScript error: resource://devtools/server/actors/targets/browsing-context.js, line 1885: TypeError: can't access dead object
JavaScript error: resource://devtools/server/actors/targets/browsing-context.js, line 1885: TypeError: can't access dead object
JavaScript error: resource://devtools/server/actors/targets/browsing-context.js, line 1885: TypeError: can't access dead object
JavaScript error: resource://devtools/server/actors/targets/browsing-context.js, line 1885: TypeError: can't access dead object
JavaScript error: resource://devtools/server/actors/targets/browsing-context.js, line 1885: TypeError: can't access dead object
JavaScript error: resource://devtools/server/actors/targets/browsing-context.js, line 1885: TypeError: can't access dead object
JavaScript error: resource://devtools/server/actors/targets/browsing-context.js, line 1885: TypeError: can't access dead object
JavaScript error: resource://devtools/server/actors/targets/browsing-context.js, line 1885: TypeError: can't access dead object
JavaScript error: resource://devtools/server/actors/targets/browsing-context.js, line 1885: TypeError: can't access dead object
JavaScript error: resource://devtools/server/actors/targets/browsing-context.js, line 1885: TypeError: can't access dead object
JavaScript error: resource://devtools/server/actors/targets/browsing-context.js, line 1885: TypeError: can't access dead object
JavaScript error: resource://devtools/server/actors/targets/browsing-context.js, line 1885: TypeError: can't access dead object
JavaScript error: resource://devtools/server/actors/targets/browsing-context.js, line 1885: TypeError: can't access dead object
JavaScript error: resource://devtools/server/actors/targets/browsing-context.js, line 1885: TypeError: can't access dead object
JavaScript error: resource://devtools/server/actors/targets/browsing-context.js, line 1885: TypeError: can't access dead object
JavaScript error: resource://devtools/server/actors/targets/browsing-context.js, line 1885: TypeError: can't access dead object
JavaScript error: resource://devtools/server/actors/targets/browsing-context.js, line 1885: TypeError: can't access dead object
JavaScript error: resource://devtools/server/actors/targets/browsing-context.js, line 1885: TypeError: can't access dead object
JavaScript error: resource://devtools/server/actors/targets/browsing-context.js, line 1885: TypeError: can't access dead object
JavaScript error: resource://devtools/server/actors/targets/browsing-context.js, line 1885: TypeError: can't access dead object
JavaScript error: resource://devtools/server/actors/targets/browsing-context.js, line 1885: TypeError: can't access dead object
JavaScript error: resource://devtools/server/actors/targets/browsing-context.js, line 1885: TypeError: can't access dead object
JavaScript error: resource://devtools/server/actors/targets/browsing-context.js, line 1885: TypeError: can't access dead object
JavaScript error: resource://devtools/server/actors/targets/browsing-context.js, line 1885: TypeError: can't access dead object
JavaScript error: resource://devtools/server/actors/targets/browsing-context.js, line 1885: TypeError: can't access dead object
JavaScript error: resource://devtools/server/actors/targets/browsing-context.js, line 1885: TypeError: can't access dead object
JavaScript error: resource://devtools/server/actors/targets/browsing-context.js, line 1885: TypeError: can't access dead object
JavaScript error: resource://devtools/server/actors/targets/browsing-context.js, line 1885: TypeError: can't access dead object
JavaScript error: resource://devtools/server/actors/targets/browsing-context.js, line 1885: TypeError: can't access dead object
JavaScript error: resource://devtools/server/actors/targets/browsing-context.js, line 1885: TypeError: can't access dead object
JavaScript error: resource://devtools/server/actors/targets/browsing-context.js, line 1885: TypeError: can't access dead object
JavaScript error: resource://devtools/server/actors/targets/browsing-context.js, line 1885: TypeError: can't access dead object
JavaScript error: resource://devtools/server/actors/targets/browsing-context.js, line 1885: TypeError: can't access dead object
JavaScript error: resource://devtools/server/actors/targets/browsing-context.js, line 1885: TypeError: can't access dead object
JavaScript error: resource://devtools/server/actors/targets/browsing-context.js, line 1885: TypeError: can't access dead object
JavaScript error: resource://devtools/server/actors/targets/browsing-context.js, line 1885: TypeError: can't access dead object
JavaScript error: resource://devtools/server/actors/targets/browsing-context.js, line 1885: TypeError: can't access dead object
JavaScript error: resource://devtools/server/actors/targets/browsing-context.js, line 1885: TypeError: can't access dead object
JavaScript error: resource://devtools/server/actors/targets/browsing-context.js, line 1885: TypeError: can't access dead object
JavaScript error: resource://devtools/server/actors/targets/browsing-context.js, line 1885: TypeError: can't access dead object
JavaScript error: resource://devtools/server/actors/targets/browsing-context.js, line 1885: TypeError: can't access dead object
JavaScript error: resource://devtools/server/actors/targets/browsing-context.js, line 1885: TypeError: can't access dead object
JavaScript error: resource://devtools/server/actors/targets/browsing-context.js, line 1885: TypeError: can't access dead object
JavaScript error: resource://devtools/server/actors/targets/browsing-context.js, line 1885: TypeError: can't access dead object
JavaScript error: resource://devtools/server/actors/targets/browsing-context.js, line 1885: TypeError: can't access dead object
JavaScript error: resource://devtools/server/actors/targets/browsing-context.js, line 1885: TypeError: can't access dead object
JavaScript error: resource://devtools/server/actors/targets/browsing-context.js, line 1885: TypeError: can't access dead object
JavaScript error: resource://devtools/server/actors/targets/browsing-context.js, line 1885: TypeError: can't access dead object
JavaScript error: resource://devtools/server/actors/targets/browsing-context.js, line 1885: TypeError: can't access dead object
JavaScript error: resource://devtools/server/actors/targets/browsing-context.js, line 1885: TypeError: can't access dead object
JavaScript error: resource://devtools/server/actors/targets/browsing-context.js, line 1885: TypeError: can't access dead object
JavaScript error: resource://devtools/server/actors/targets/browsing-context.js, line 1885: TypeError: can't access dead object
JavaScript error: resource://devtools/server/actors/targets/browsing-context.js, line 1885: TypeError: can't access dead object
JavaScript error: resource://devtools/server/actors/targets/browsing-context.js, line 1885: TypeError: can't access dead object
JavaScript error: resource://devtools/server/actors/targets/browsing-context.js, line 1885: TypeError: can't access dead object
JavaScript error: resource://devtools/server/actors/targets/browsing-context.js, line 1885: TypeError: can't access dead object
JavaScript error: resource://devtools/server/actors/targets/browsing-context.js, line 1885: TypeError: can't access dead object
JavaScript error: resource://devtools/server/actors/targets/browsing-context.js, line 1885: TypeError: can't access dead object
JavaScript error: resource://devtools/server/actors/targets/browsing-context.js, line 1885: TypeError: can't access dead object
JavaScript error: resource://devtools/server/actors/targets/browsing-context.js, line 1885: TypeError: can't access dead object
JavaScript error: resource://devtools/server/actors/targets/browsing-context.js, line 1885: TypeError: can't access dead object
JavaScript error: resource://devtools/server/actors/targets/browsing-context.js, line 1885: TypeError: can't access dead object
JavaScript error: resource://devtools/server/actors/targets/browsing-context.js, line 1885: TypeError: can't access dead object
JavaScript error: resource://devtools/server/actors/targets/browsing-context.js, line 1885: TypeError: can't access dead object
JavaScript error: resource://devtools/server/actors/targets/browsing-context.js, line 1885: TypeError: can't access dead object
JavaScript error: resource://devtools/server/actors/targets/browsing-context.js, line 1885: TypeError: can't access dead object
JavaScript error: resource://devtools/server/actors/targets/browsing-context.js, line 1885: TypeError: can't access dead object
JavaScript error: resource://devtools/server/actors/targets/browsing-context.js, line 1885: TypeError: can't access dead object
JavaScript error: resource://devtools/server/actors/targets/browsing-context.js, line 1885: TypeError: can't access dead object
JavaScript error: resource://devtools/server/actors/targets/browsing-context.js, line 1885: TypeError: can't access dead object
JavaScript error: resource://devtools/server/actors/targets/browsing-context.js, line 1885: TypeError: can't access dead object
JavaScript error: resource://devtools/server/actors/targets/browsing-context.js, line 1885: TypeError: can't access dead object
JavaScript error: resource://devtools/server/actors/targets/browsing-context.js, line 1885: TypeError: can't access dead object
JavaScript error: resource://devtools/server/actors/targets/browsing-context.js, line 1885: TypeError: can't access dead object
JavaScript error: resource://devtools/server/actors/targets/browsing-context.js, line 1885: TypeError: can't access dead object
JavaScript error: resource://devtools/server/actors/targets/browsing-context.js, line 1885: TypeError: can't access dead object
JavaScript error: resource://devtools/server/actors/targets/browsing-context.js, line 1885: TypeError: can't access dead object
JavaScript error: resource://devtools/server/actors/targets/browsing-context.js, line 1885: TypeError: can't access dead object
console.error: "Error while calling actor 'layout's method 'getGrids'" "node is null"
console.error: "getGrids@resource://devtools/server/actors/layout.js:502:26\ngetGrids@resource://devtools/server/actors/layout.js:507:43\nhandler@resource://devtools/shared/protocol/Actor.js:172:37\nonPacket@resource://devtools/server/devtools-server-connection.js:379:58\nreceiveMessage@resource://devtools/shared/transport/child-transport.js:68:16\n"
JavaScript error: resource://devtools/server/actors/targets/browsing-context.js, line 1885: TypeError: can't access dead object
JavaScript error: resource://devtools/server/actors/targets/browsing-context.js, line 1885: TypeError: can't access dead object
JavaScript error: resource://devtools/server/actors/targets/browsing-context.js, line 1885: TypeError: can't access dead object
JavaScript error: resource://devtools/server/actors/targets/browsing-context.js, line 1885: TypeError: can't access dead object
JavaScript error: resource://devtools/server/actors/targets/browsing-context.js, line 1885: TypeError: can't access dead object
JavaScript error: resource://devtools/server/actors/targets/browsing-context.js, line 1885: TypeError: can't access dead object
JavaScript error: resource://devtools/server/actors/targets/browsing-context.js, line 1885: TypeError: can't access dead object
JavaScript error: resource://devtools/server/actors/targets/browsing-context.js, line 1885: TypeError: can't access dead object
JavaScript error: https://s.yimg.com/uc/finance/dd-site/js/vendor.3b54d65d01ab49e5f162.modern.js, line 2: Error: {"output":{"message":"request failed"},"meta":{}}
JavaScript error: https://s.yimg.com/uc/finance/dd-site/js/vendor.3b54d65d01ab49e5f162.modern.js, line 2: HttpError: 01211 return 0 results
1615925693966	Marionette	INFO	Stopped listening on port 51043

###!!! [Child][RunMessage] Error: Channel closing: too late to send/recv, messages will be lost

